0 info it worked if it ends with ok
1 verbose cli [ 'H:\\nodejs\\\\node.exe',
1 verbose cli   'H:\\nodejs\\node_modules\\npm\\bin\\npm-cli.js',
1 verbose cli   'install' ]
2 info using npm@1.3.8
3 info using node@v0.10.18
4 verbose node symlink H:\nodejs\\node.exe
5 verbose readDependencies using package.json deps
6 verbose install where, deps [ 'H:\\zombiehippie.com',
6 verbose install   [ 'express',
6 verbose install     'jade',
6 verbose install     'codemirror',
6 verbose install     'coffee-script',
6 verbose install     'coffeescript-rehab',
6 verbose install     'nib',
6 verbose install     'stylus',
6 verbose install     'nodemon',
6 verbose install     'devreload' ] ]
7 info preinstall zombiehippie.com@0.0.2
8 verbose readDependencies using package.json deps
9 verbose already installed skipping express@3.4.x H:\zombiehippie.com
10 verbose already installed skipping jade@1.1.x H:\zombiehippie.com
11 verbose cache add [ 'codemirror@marijnh/CodeMirror.git#v4', null ]
12 verbose cache add name=undefined spec="codemirror@marijnh/CodeMirror.git#v4" args=["codemirror@marijnh/CodeMirror.git#v4",null]
13 verbose parsed url { protocol: null,
13 verbose parsed url   slashes: null,
13 verbose parsed url   auth: null,
13 verbose parsed url   host: null,
13 verbose parsed url   port: null,
13 verbose parsed url   hostname: null,
13 verbose parsed url   hash: '#v4',
13 verbose parsed url   search: null,
13 verbose parsed url   query: null,
13 verbose parsed url   pathname: 'codemirror@marijnh/CodeMirror.git',
13 verbose parsed url   path: 'codemirror@marijnh/CodeMirror.git',
13 verbose parsed url   href: 'codemirror@marijnh/CodeMirror.git#v4' }
14 verbose cache add name="codemirror" spec="marijnh/CodeMirror.git#v4" args=["codemirror","marijnh/CodeMirror.git#v4"]
15 verbose parsed url { protocol: null,
15 verbose parsed url   slashes: null,
15 verbose parsed url   auth: null,
15 verbose parsed url   host: null,
15 verbose parsed url   port: null,
15 verbose parsed url   hostname: null,
15 verbose parsed url   hash: '#v4',
15 verbose parsed url   search: null,
15 verbose parsed url   query: null,
15 verbose parsed url   pathname: 'marijnh/CodeMirror.git',
15 verbose parsed url   path: 'marijnh/CodeMirror.git',
15 verbose parsed url   href: 'marijnh/CodeMirror.git#v4' }
16 verbose addNamed [ 'codemirror', 'marijnh/CodeMirror.git#v4' ]
17 verbose addNamed [ null, null ]
18 verbose already installed skipping coffee-script@>=1.6.3 H:\zombiehippie.com
19 verbose cache add [ 'coffeescript-rehab@0.3.x', null ]
20 verbose cache add name=undefined spec="coffeescript-rehab@0.3.x" args=["coffeescript-rehab@0.3.x",null]
21 verbose parsed url { protocol: null,
21 verbose parsed url   slashes: null,
21 verbose parsed url   auth: null,
21 verbose parsed url   host: null,
21 verbose parsed url   port: null,
21 verbose parsed url   hostname: null,
21 verbose parsed url   hash: null,
21 verbose parsed url   search: null,
21 verbose parsed url   query: null,
21 verbose parsed url   pathname: 'coffeescript-rehab@0.3.x',
21 verbose parsed url   path: 'coffeescript-rehab@0.3.x',
21 verbose parsed url   href: 'coffeescript-rehab@0.3.x' }
22 verbose cache add name="coffeescript-rehab" spec="0.3.x" args=["coffeescript-rehab","0.3.x"]
23 verbose parsed url { protocol: null,
23 verbose parsed url   slashes: null,
23 verbose parsed url   auth: null,
23 verbose parsed url   host: null,
23 verbose parsed url   port: null,
23 verbose parsed url   hostname: null,
23 verbose parsed url   hash: null,
23 verbose parsed url   search: null,
23 verbose parsed url   query: null,
23 verbose parsed url   pathname: '0.3.x',
23 verbose parsed url   path: '0.3.x',
23 verbose parsed url   href: '0.3.x' }
24 verbose addNamed [ 'coffeescript-rehab', '0.3.x' ]
25 verbose addNamed [ null, '>=0.3.0-0 <0.4.0-0' ]
26 verbose already installed skipping nib@1.0.x H:\zombiehippie.com
27 verbose already installed skipping stylus@0.42.x H:\zombiehippie.com
28 verbose already installed skipping nodemon@1.0.x H:\zombiehippie.com
29 verbose already installed skipping devreload@0.1.2 H:\zombiehippie.com
30 silly lockFile c451ea4b-mirror-marijnh-CodeMirror-git-v4 codemirror@marijnh/CodeMirror.git#v4
31 verbose lock codemirror@marijnh/CodeMirror.git#v4 H:\nodejs\node_modules\npm\cache\c451ea4b-mirror-marijnh-CodeMirror-git-v4.lock
32 silly lockFile 6932a578-coffeescript-rehab-0-3-x coffeescript-rehab@0.3.x
33 verbose lock coffeescript-rehab@0.3.x H:\nodejs\node_modules\npm\cache\6932a578-coffeescript-rehab-0-3-x.lock
34 info addNameTag [ 'codemirror', 'marijnh/CodeMirror.git#v4' ]
35 silly addNameRange { name: 'coffeescript-rehab',
35 silly addNameRange   range: '>=0.3.0-0 <0.4.0-0',
35 silly addNameRange   hasData: false }
36 verbose url raw coffeescript-rehab
37 verbose url resolving [ 'https://registry.npmjs.org/', './coffeescript-rehab' ]
38 verbose url resolved https://registry.npmjs.org/coffeescript-rehab
39 info trying registry request attempt 1 at 14:09:18
40 verbose etag "4HUQJ83KMJN9EKX7C4FEIEF5K"
41 http GET https://registry.npmjs.org/coffeescript-rehab
42 verbose url raw codemirror
43 verbose url resolving [ 'https://registry.npmjs.org/', './codemirror' ]
44 verbose url resolved https://registry.npmjs.org/codemirror
45 info trying registry request attempt 1 at 14:09:18
46 verbose etag "4VL4TZC04VRFGA44UU2CMRZW0"
47 http GET https://registry.npmjs.org/codemirror
48 http 304 https://registry.npmjs.org/coffeescript-rehab
49 silly registry.get cb [ 304,
49 silly registry.get   { date: 'Tue, 25 Feb 2014 20:09:18 GMT',
49 silly registry.get     server: 'CouchDB/1.5.0 (Erlang OTP/R16B)',
49 silly registry.get     connection: 'Keep-Alive',
49 silly registry.get     'keep-alive': 'timeout=10, max=50',
49 silly registry.get     etag: '"4HUQJ83KMJN9EKX7C4FEIEF5K"',
49 silly registry.get     'cache-control': 'max-age=1' } ]
50 verbose etag coffeescript-rehab from cache
51 silly addNameRange number 2 { name: 'coffeescript-rehab',
51 silly addNameRange   range: '>=0.3.0-0 <0.4.0-0',
51 silly addNameRange   hasData: true }
52 silly addNameRange versions [ 'coffeescript-rehab', [ '0.3.6' ] ]
53 verbose addNamed [ 'coffeescript-rehab', '0.3.6' ]
54 verbose addNamed [ '0.3.6', '0.3.6' ]
55 silly lockFile 6a66c3e5-coffeescript-rehab-0-3-6 coffeescript-rehab@0.3.6
56 verbose lock coffeescript-rehab@0.3.6 H:\nodejs\node_modules\npm\cache\6a66c3e5-coffeescript-rehab-0-3-6.lock
57 http 304 https://registry.npmjs.org/codemirror
58 silly registry.get cb [ 304,
58 silly registry.get   { date: 'Tue, 25 Feb 2014 20:09:18 GMT',
58 silly registry.get     server: 'CouchDB/1.5.0 (Erlang OTP/R16B)',
58 silly registry.get     connection: 'Keep-Alive',
58 silly registry.get     'keep-alive': 'timeout=10, max=50',
58 silly registry.get     etag: '"4VL4TZC04VRFGA44UU2CMRZW0"',
58 silly registry.get     'cache-control': 'max-age=1' } ]
59 verbose etag codemirror from cache
60 silly lockFile 6a66c3e5-coffeescript-rehab-0-3-6 coffeescript-rehab@0.3.6
61 silly lockFile 6a66c3e5-coffeescript-rehab-0-3-6 coffeescript-rehab@0.3.6
62 info maybeGithub Attempting marijnh/CodeMirror.git#v4 from git://github.com/marijnh/CodeMirror.git#v4
63 silly lockFile ecc96b6b-ub-com-marijnh-CodeMirror-git-v4 git://github.com/marijnh/CodeMirror.git#v4
64 verbose lock git://github.com/marijnh/CodeMirror.git#v4 H:\nodejs\node_modules\npm\cache\ecc96b6b-ub-com-marijnh-CodeMirror-git-v4.lock
65 silly lockFile 6932a578-coffeescript-rehab-0-3-x coffeescript-rehab@0.3.x
66 silly lockFile 6932a578-coffeescript-rehab-0-3-x coffeescript-rehab@0.3.x
67 verbose addRemoteGit [ 'git://github.com/marijnh/CodeMirror.git', 'v4' ]
68 silly lockFile 480901e2-ithub-com-marijnh-CodeMirror-git git://github.com/marijnh/CodeMirror.git
69 info maybeGithub Attempting marijnh/CodeMirror.git#v4 from git+ssh://git@github.com:marijnh/CodeMirror.git#v4
70 silly lockFile efb83a28-ub-com-marijnh-CodeMirror-git-v4 git+ssh://git@github.com:marijnh/CodeMirror.git#v4
71 verbose lock git+ssh://git@github.com:marijnh/CodeMirror.git#v4 H:\nodejs\node_modules\npm\cache\efb83a28-ub-com-marijnh-CodeMirror-git-v4.lock
72 verbose addRemoteGit [ 'git@github.com:marijnh/CodeMirror.git', 'v4' ]
73 silly lockFile 050f2c92-ithub-com-marijnh-CodeMirror-git git@github.com:marijnh/CodeMirror.git
74 silly lockFile c451ea4b-mirror-marijnh-CodeMirror-git-v4 codemirror@marijnh/CodeMirror.git#v4
75 silly lockFile c451ea4b-mirror-marijnh-CodeMirror-git-v4 codemirror@marijnh/CodeMirror.git#v4
76 error Error: No compatible version found: codemirror@'marijnh/CodeMirror.git#v4'
76 error Valid install targets:
76 error ["2.33.0","3.14.1","3.15.0","3.16.0","3.17.0","3.18.0","3.19.0","3.20.0","3.21.0","3.22.0","3.11.1","3.12.0","3.13.0"]
76 error     at installTargetsError (H:\nodejs\node_modules\npm\lib\cache.js:719:10)
76 error     at H:\nodejs\node_modules\npm\lib\cache.js:638:10
76 error     at saved (H:\nodejs\node_modules\npm\node_modules\npm-registry-client\lib\get.js:142:7)
76 error     at H:\nodejs\node_modules\npm\node_modules\graceful-fs\polyfills.js:133:7
76 error     at Object.oncomplete (fs.js:107:15)
77 error If you need help, you may report this log at:
77 error     <http://github.com/isaacs/npm/issues>
77 error or email it to:
77 error     <npm-@googlegroups.com>
78 error System Windows_NT 6.1.7601
79 error command "H:\\nodejs\\\\node.exe" "H:\\nodejs\\node_modules\\npm\\bin\\npm-cli.js" "install"
80 error cwd H:\zombiehippie.com
81 error node -v v0.10.18
82 error npm -v 1.3.8
83 verbose exit [ 1, true ]
